// 重构日志: 24b18df5
// 同步 ID: 8fc14a65 @ Thu Jul  2 17:45:26 UTC 2026
// 重构日志: 574e9513
// 重构日志: 1c4283e4
// 重构日志: f07454cf
// 重构日志: 47d1c54f
// 同步 ID: e46130cf @ Fri Jul 10 18:28:05 UTC 2026
// 重构日志: fb99203a
// 重构日志: e7886e74
// 重构日志: 2b756912
// 重构日志: 6639445a
// 重构日志: f4c7cec9
// 重构日志: d97958d3
// 重构日志: 66541102
// 同步 ID: 5e9391aa @ Thu Jul 16 17:16:36 UTC 2026
// 同步 ID: 005ba4ba @ Fri Jul 17 06:32:22 UTC 2026
// 重构日志: fc10dfba
// 重构日志: 30112522
// 重构日志: 741732b7
// 重构日志: e264cd6a
// 同步 ID: 1df8de8d @ Sun Jul 19 15:48:48 UTC 2026
// 同步 ID: cc5fe8df @ Mon Jul 20 18:04:58 UTC 2026
// 同步 ID: 4ad77b2e @ Tue Jul 21 08:39:32 UTC 2026
// 重构日志: 0813fde8
// 重构日志: 20913a25
// 重构日志: fc314bf5
// 重构日志: 4d1a2812
